# JRE version: Java(TM) SE Runtime Environment (21.0.2+13) (build 21.0.2+13-LTS-58)
# Java VM: Java HotSpot(TM) 64-Bit Server VM (21.0.2+13-LTS-58, mixed mode, sharing, tiered, compressed oops, compressed class ptrs, g1 gc, windows-amd64)
GC Precious Log:
 CardTable entry size: 512
 Card Set container configuration: InlinePtr #cards 4 size 8 Array Of Cards #cards 64 size 144 Howl #buckets 8 coarsen threshold 14745 Howl Bitmap #cards 2048 size 272 coarsen threshold 1843 Card regions per heap region 1 cards per card region 16384
 CPUs: 16 total, 16 available
 Memory: 64886M
 Large Page Support: Disabled
 NUMA Support: Disabled
 Compressed Oops: Enabled (Zero based)
 Heap Region Size: 8M
 Heap Min Capacity: 8M
 Heap Initial Capacity: 1016M
 Heap Max Capacity: 16224M
 Pre-touch: Disabled
 Parallel Workers: 13
 Concurrent Workers: 3
 Concurrent Refinement Workers: 13
 Periodic GC: Disabled
Heap:
 garbage-first heap   total 122880K, used 58068K [0x000000040a000000, 0x0000000800000000)
  region size 8192K, 1 young (8192K), 1 survivors (8192K)
 Metaspace       used 92875K, committed 93888K, reserved 1179648K
  class space    used 12287K, committed 12736K, reserved 1048576K
GC Heap History (20 events):
Event: 287.406 GC heap after
{Heap after GC invocations=20 (full 1):
 garbage-first heap   total 114688K, used 43951K [0x000000040a000000, 0x0000000800000000)
  region size 8192K, 0 young (0K), 0 survivors (0K)
 Metaspace       used 91707K, committed 92672K, reserved 1179648K
  class space    used 12235K, committed 12672K, reserved 1048576K
}
Event: 288.180 GC heap before
{Heap before GC invocations=20 (full 1):
 garbage-first heap   total 114688K, used 93103K [0x000000040a000000, 0x0000000800000000)
  region size 8192K, 6 young (49152K), 0 survivors (0K)
 Metaspace       used 91752K, committed 92736K, reserved 1179648K
  class space    used 12241K, committed 12672K, reserved 1048576K
}
Event: 288.183 GC heap after
{Heap after GC invocations=21 (full 1):
 garbage-first heap   total 114688K, used 48288K [0x000000040a000000, 0x0000000800000000)
  region size 8192K, 1 young (8192K), 1 survivors (8192K)
 Metaspace       used 91752K, committed 92736K, reserved 1179648K
  class space    used 12241K, committed 12672K, reserved 1048576K
}
Event: 288.550 GC heap before
{Heap before GC invocations=21 (full 1):
 garbage-first heap   total 114688K, used 89248K [0x000000040a000000, 0x0000000800000000)
  region size 8192K, 6 young (49152K), 1 survivors (8192K)
 Metaspace       used 91893K, committed 92864K, reserved 1179648K
  class space    used 12251K, committed 12672K, reserved 1048576K
}
Event: 288.553 GC heap after
{Heap after GC invocations=22 (full 1):
 garbage-first heap   total 114688K, used 49702K [0x000000040a000000, 0x0000000800000000)
  region size 8192K, 1 young (8192K), 1 survivors (8192K)
 Metaspace       used 91893K, committed 92864K, reserved 1179648K
  class space    used 12251K, committed 12672K, reserved 1048576K
}
Event: 288.868 GC heap before
{Heap before GC invocations=22 (full 1):
 garbage-first heap   total 114688K, used 90662K [0x000000040a000000, 0x0000000800000000)
  region size 8192K, 6 young (49152K), 1 survivors (8192K)
 Metaspace       used 92103K, committed 93056K, reserved 1179648K
  class space    used 12261K, committed 12672K, reserved 1048576K
}
Event: 288.872 GC heap after
{Heap after GC invocations=23 (full 1):
 garbage-first heap   total 114688K, used 52169K [0x000000040a000000, 0x0000000800000000)
  region size 8192K, 1 young (8192K), 1 survivors (8192K)
 Metaspace       used 92103K, committed 93056K, reserved 1179648K
  class space    used 12261K, committed 12672K, reserved 1048576K
}
Event: 289.120 GC heap before
{Heap before GC invocations=23 (full 1):
 garbage-first heap   total 114688K, used 84937K [0x000000040a000000, 0x0000000800000000)
  region size 8192K, 5 young (40960K), 1 survivors (8192K)
 Metaspace       used 92107K, committed 93056K, reserved 1179648K
  class space    used 12261K, committed 12672K, reserved 1048576K
}
Event: 289.123 GC heap after
{Heap after GC invocations=24 (full 1):
 garbage-first heap   total 114688K, used 53377K [0x000000040a000000, 0x0000000800000000)
  region size 8192K, 1 young (8192K), 1 survivors (8192K)
 Metaspace       used 92107K, committed 93056K, reserved 1179648K
  class space    used 12261K, committed 12672K, reserved 1048576K
}
Event: 289.361 GC heap before
{Heap before GC invocations=25 (full 1):
 garbage-first heap   total 122880K, used 86145K [0x000000040a000000, 0x0000000800000000)
  region size 8192K, 5 young (40960K), 1 survivors (8192K)
 Metaspace       used 92115K, committed 93056K, reserved 1179648K
  class space    used 12261K, committed 12672K, reserved 1048576K
}
Event: 289.364 GC heap after
{Heap after GC invocations=26 (full 1):
 garbage-first heap   total 122880K, used 54510K [0x000000040a000000, 0x0000000800000000)
  region size 8192K, 1 young (8192K), 1 survivors (8192K)
 Metaspace       used 92115K, committed 93056K, reserved 1179648K
  class space    used 12261K, committed 12672K, reserved 1048576K
}
Event: 293.857 GC heap before
{Heap before GC invocations=26 (full 1):
 garbage-first heap   total 122880K, used 70894K [0x000000040a000000, 0x0000000800000000)
  region size 8192K, 4 young (32768K), 1 survivors (8192K)
 Metaspace       used 92267K, committed 93184K, reserved 1179648K
  class space    used 12262K, committed 12672K, reserved 1048576K
}
Event: 294.072 GC heap after
{Heap after GC invocations=27 (full 2):
 garbage-first heap   total 122880K, used 47894K [0x000000040a000000, 0x0000000800000000)
  region size 8192K, 0 young (0K), 0 survivors (0K)
 Metaspace       used 92267K, committed 93184K, reserved 1179648K
  class space    used 12262K, committed 12672K, reserved 1048576K
}
Event: 295.099 GC heap before
{Heap before GC invocations=27 (full 2):
 garbage-first heap   total 122880K, used 105238K [0x000000040a000000, 0x0000000800000000)
  region size 8192K, 7 young (57344K), 0 survivors (0K)
 Metaspace       used 92402K, committed 93440K, reserved 1179648K
  class space    used 12271K, committed 12736K, reserved 1048576K
}
Event: 295.109 GC heap after
{Heap after GC invocations=28 (full 2):
 garbage-first heap   total 122880K, used 52720K [0x000000040a000000, 0x0000000800000000)
  region size 8192K, 1 young (8192K), 1 survivors (8192K)
 Metaspace       used 92402K, committed 93440K, reserved 1179648K
  class space    used 12271K, committed 12736K, reserved 1048576K
}
Event: 295.479 GC heap before
{Heap before GC invocations=28 (full 2):
 garbage-first heap   total 122880K, used 101872K [0x000000040a000000, 0x0000000800000000)
  region size 8192K, 7 young (57344K), 1 survivors (8192K)
 Metaspace       used 92702K, committed 93696K, reserved 1179648K
  class space    used 12281K, committed 12736K, reserved 1048576K
}
Event: 295.482 GC heap after
{Heap after GC invocations=29 (full 2):
 garbage-first heap   total 122880K, used 55026K [0x000000040a000000, 0x0000000800000000)
  region size 8192K, 1 young (8192K), 1 survivors (8192K)
 Metaspace       used 92702K, committed 93696K, reserved 1179648K
  class space    used 12281K, committed 12736K, reserved 1048576K
}
Event: 295.816 GC heap before
{Heap before GC invocations=29 (full 2):
 garbage-first heap   total 122880K, used 95986K [0x000000040a000000, 0x0000000800000000)
  region size 8192K, 6 young (49152K), 1 survivors (8192K)
 Metaspace       used 92848K, committed 93824K, reserved 1179648K
  class space    used 12287K, committed 12736K, reserved 1048576K
}
Event: 295.818 GC heap after
{Heap after GC invocations=30 (full 2):
 garbage-first heap   total 122880K, used 56795K [0x000000040a000000, 0x0000000800000000)
  region size 8192K, 1 young (8192K), 1 survivors (8192K)
 Metaspace       used 92848K, committed 93824K, reserved 1179648K
  class space    used 12287K, committed 12736K, reserved 1048576K
}
Event: 296.146 GC heap before
{Heap before GC invocations=31 (full 2):
 garbage-first heap   total 122880K, used 97755K [0x000000040a000000, 0x0000000800000000)
  region size 8192K, 6 young (49152K), 1 survivors (8192K)
 Metaspace       used 92875K, committed 93888K, reserved 1179648K
  class space    used 12287K, committed 12736K, reserved 1048576K
}

