# JRE version: Java(TM) SE Runtime Environment (21.0.2+13) (build 21.0.2+13-LTS-58)
# Java VM: Java HotSpot(TM) 64-Bit Server VM (21.0.2+13-LTS-58, mixed mode, sharing, tiered, compressed oops, compressed class ptrs, g1 gc, windows-amd64)
GC Precious Log:
 CardTable entry size: 512
 Card Set container configuration: InlinePtr #cards 4 size 8 Array Of Cards #cards 64 size 144 Howl #buckets 8 coarsen threshold 14745 Howl Bitmap #cards 2048 size 272 coarsen threshold 1843 Card regions per heap region 1 cards per card region 16384
 CPUs: 16 total, 16 available
 Memory: 64886M
 Large Page Support: Disabled
 NUMA Support: Disabled
 Compressed Oops: Enabled (Zero based)
 Heap Region Size: 8M
 Heap Min Capacity: 8M
 Heap Initial Capacity: 1016M
 Heap Max Capacity: 16224M
 Pre-touch: Disabled
 Parallel Workers: 13
 Concurrent Workers: 3
 Concurrent Refinement Workers: 13
 Periodic GC: Disabled
Heap:
 garbage-first heap   total 245760K, used 152942K [0x000000040a000000, 0x0000000800000000)
  region size 8192K, 13 young (106496K), 2 survivors (16384K)
 Metaspace       used 91863K, committed 92992K, reserved 1179648K
  class space    used 11850K, committed 12416K, reserved 1048576K
GC Heap History (20 events):
Event: 311.490 GC heap before
{Heap before GC invocations=29 (full 4):
 garbage-first heap   total 139264K, used 119948K [0x000000040a000000, 0x0000000800000000)
  region size 8192K, 8 young (65536K), 0 survivors (0K)
 Metaspace       used 89792K, committed 90880K, reserved 1179648K
  class space    used 11776K, committed 12288K, reserved 1048576K
}
Event: 311.493 GC heap after
{Heap after GC invocations=30 (full 4):
 garbage-first heap   total 139264K, used 59829K [0x000000040a000000, 0x0000000800000000)
  region size 8192K, 1 young (8192K), 1 survivors (8192K)
 Metaspace       used 89792K, committed 90880K, reserved 1179648K
  class space    used 11776K, committed 12288K, reserved 1048576K
}
Event: 311.854 GC heap before
{Heap before GC invocations=30 (full 4):
 garbage-first heap   total 139264K, used 117173K [0x000000040a000000, 0x0000000800000000)
  region size 8192K, 8 young (65536K), 1 survivors (8192K)
 Metaspace       used 90220K, committed 91328K, reserved 1179648K
  class space    used 11792K, committed 12352K, reserved 1048576K
}
Event: 311.857 GC heap after
{Heap after GC invocations=31 (full 4):
 garbage-first heap   total 139264K, used 62414K [0x000000040a000000, 0x0000000800000000)
  region size 8192K, 1 young (8192K), 1 survivors (8192K)
 Metaspace       used 90220K, committed 91328K, reserved 1179648K
  class space    used 11792K, committed 12352K, reserved 1048576K
}
Event: 312.176 GC heap before
{Heap before GC invocations=31 (full 4):
 garbage-first heap   total 139264K, used 111566K [0x000000040a000000, 0x0000000800000000)
  region size 8192K, 7 young (57344K), 1 survivors (8192K)
 Metaspace       used 90235K, committed 91328K, reserved 1179648K
  class space    used 11793K, committed 12352K, reserved 1048576K
}
Event: 312.179 GC heap after
{Heap after GC invocations=32 (full 4):
 garbage-first heap   total 139264K, used 63846K [0x000000040a000000, 0x0000000800000000)
  region size 8192K, 1 young (8192K), 1 survivors (8192K)
 Metaspace       used 90235K, committed 91328K, reserved 1179648K
  class space    used 11793K, committed 12352K, reserved 1048576K
}
Event: 317.891 GC heap before
{Heap before GC invocations=33 (full 4):
 garbage-first heap   total 139264K, used 104806K [0x000000040a000000, 0x0000000800000000)
  region size 8192K, 7 young (57344K), 1 survivors (8192K)
 Metaspace       used 90435K, committed 91584K, reserved 1179648K
  class space    used 11794K, committed 12352K, reserved 1048576K
}
Event: 318.127 GC heap after
{Heap after GC invocations=34 (full 5):
 garbage-first heap   total 139264K, used 58337K [0x000000040a000000, 0x0000000800000000)
  region size 8192K, 0 young (0K), 0 survivors (0K)
 Metaspace       used 90432K, committed 91584K, reserved 1179648K
  class space    used 11793K, committed 12352K, reserved 1048576K
}
Event: 318.672 GC heap before
{Heap before GC invocations=34 (full 5):
 garbage-first heap   total 139264K, used 115681K [0x000000040a000000, 0x0000000800000000)
  region size 8192K, 7 young (57344K), 0 survivors (0K)
 Metaspace       used 90567K, committed 91712K, reserved 1179648K
  class space    used 11803K, committed 12352K, reserved 1048576K
}
Event: 319.417 GC heap after
{Heap after GC invocations=35 (full 5):
 garbage-first heap   total 589824K, used 63487K [0x000000040a000000, 0x0000000800000000)
  region size 8192K, 1 young (8192K), 1 survivors (8192K)
 Metaspace       used 90567K, committed 91712K, reserved 1179648K
  class space    used 11803K, committed 12352K, reserved 1048576K
}
Event: 319.486 GC heap before
{Heap before GC invocations=36 (full 5):
 garbage-first heap   total 278528K, used 71679K [0x000000040a000000, 0x0000000800000000)
  region size 8192K, 2 young (16384K), 1 survivors (8192K)
 Metaspace       used 90568K, committed 91712K, reserved 1179648K
  class space    used 11803K, committed 12352K, reserved 1048576K
}
Event: 319.488 GC heap after
{Heap after GC invocations=37 (full 5):
 garbage-first heap   total 278528K, used 64028K [0x000000040a000000, 0x0000000800000000)
  region size 8192K, 1 young (8192K), 1 survivors (8192K)
 Metaspace       used 90568K, committed 91712K, reserved 1179648K
  class space    used 11803K, committed 12352K, reserved 1048576K
}
Event: 319.528 GC heap before
{Heap before GC invocations=37 (full 5):
 garbage-first heap   total 278528K, used 64028K [0x000000040a000000, 0x0000000800000000)
  region size 8192K, 2 young (16384K), 1 survivors (8192K)
 Metaspace       used 90569K, committed 91712K, reserved 1179648K
  class space    used 11803K, committed 12352K, reserved 1048576K
}
Event: 319.530 GC heap after
{Heap after GC invocations=38 (full 5):
 garbage-first heap   total 278528K, used 64113K [0x000000040a000000, 0x0000000800000000)
  region size 8192K, 1 young (8192K), 1 survivors (8192K)
 Metaspace       used 90569K, committed 91712K, reserved 1179648K
  class space    used 11803K, committed 12352K, reserved 1048576K
}
Event: 319.584 GC heap before
{Heap before GC invocations=38 (full 5):
 garbage-first heap   total 278528K, used 72305K [0x000000040a000000, 0x0000000800000000)
  region size 8192K, 2 young (16384K), 1 survivors (8192K)
 Metaspace       used 90570K, committed 91712K, reserved 1179648K
  class space    used 11803K, committed 12352K, reserved 1048576K
}
Event: 319.585 GC heap after
{Heap after GC invocations=39 (full 5):
 garbage-first heap   total 278528K, used 64152K [0x000000040a000000, 0x0000000800000000)
  region size 8192K, 1 young (8192K), 1 survivors (8192K)
 Metaspace       used 90570K, committed 91712K, reserved 1179648K
  class space    used 11803K, committed 12352K, reserved 1048576K
}
Event: 324.791 GC heap before
{Heap before GC invocations=39 (full 5):
 garbage-first heap   total 278528K, used 203416K [0x000000040a000000, 0x0000000800000000)
  region size 8192K, 20 young (163840K), 1 survivors (8192K)
 Metaspace       used 91112K, committed 92224K, reserved 1179648K
  class space    used 11824K, committed 12352K, reserved 1048576K
}
Event: 324.879 GC heap after
{Heap after GC invocations=40 (full 6):
 garbage-first heap   total 245760K, used 62475K [0x000000040a000000, 0x0000000800000000)
  region size 8192K, 0 young (0K), 0 survivors (0K)
 Metaspace       used 91108K, committed 92224K, reserved 1179648K
  class space    used 11823K, committed 12352K, reserved 1048576K
}
Event: 325.576 GC heap before
{Heap before GC invocations=40 (full 6):
 garbage-first heap   total 245760K, used 209931K [0x000000040a000000, 0x0000000800000000)
  region size 8192K, 18 young (147456K), 0 survivors (0K)
 Metaspace       used 91642K, committed 92800K, reserved 1179648K
  class space    used 11849K, committed 12416K, reserved 1048576K
}
Event: 325.579 GC heap after
{Heap after GC invocations=41 (full 6):
 garbage-first heap   total 245760K, used 71022K [0x000000040a000000, 0x0000000800000000)
  region size 8192K, 2 young (16384K), 2 survivors (16384K)
 Metaspace       used 91642K, committed 92800K, reserved 1179648K
  class space    used 11849K, committed 12416K, reserved 1048576K
}

